{
  "RSpec": {
    "coverage": {
      "/Users/danielwork/Documents/GitHub/makers/week2/oyster/spec/card_spec.rb": [
        1,
        null,
        1,
        null,
        7,
        6,
        7,
        5,
        null,
        1,
        1,
        null,
        null,
        1,
        1,
        null,
        null,
        1,
        1,
        1,
        null,
        1,
        2,
        null,
        null,
        null,
        1,
        null,
        1,
        1,
        null,
        1,
        2,
        null,
        1,
        1,
        2,
        null,
        1,
        1,
        1,
        null,
        null,
        null,
        1,
        1,
        3,
        3,
        null,
        null,
        1,
        1,
        null,
        1,
        1,
        null,
        1,
        1,
        null,
        null,
        null,
        null,
        null,
        null
      ],
      "/Users/danielwork/Documents/GitHub/makers/week2/oyster/lib/app.rb": [
        1,
        1,
        1,
        1,
        null,
        null,
        null
      ],
      "/Users/danielwork/Documents/GitHub/makers/week2/oyster/lib/card.rb": [
        1,
        null,
        1,
        1,
        1,
        1,
        null,
        1,
        11,
        11,
        11,
        null,
        null,
        1,
        2,
        2,
        1,
        null,
        null,
        1,
        7,
        6,
        5,
        5,
        null,
        null,
        1,
        3,
        3,
        3,
        3,
        null,
        null,
        1,
        null,
        1,
        6,
        null,
        null,
        1,
        1,
        null,
        null,
        1,
        1,
        null,
        null,
        1,
        2,
        null,
        null,
        1,
        4,
        4,
        null,
        null,
        1,
        1,
        null,
        null,
        1,
        4,
        null,
        null,
        1,
        7,
        null,
        null,
        1,
        4,
        null,
        null,
        null
      ],
      "/Users/danielwork/Documents/GitHub/makers/week2/oyster/lib/fare.rb": [

      ],
      "/Users/danielwork/Documents/GitHub/makers/week2/oyster/lib/station.rb": [
        1,
        null,
        1,
        null,
        1,
        1,
        null,
        1,
        0,
        null,
        null,
        null
      ],
      "/Users/danielwork/Documents/GitHub/makers/week2/oyster/lib/journey.rb": [
        1,
        null,
        1,
        6,
        6,
        null,
        null,
        1,
        6,
        5,
        null,
        null,
        1,
        null,
        1,
        6,
        null,
        null,
        null
      ],
      "/Users/danielwork/Documents/GitHub/makers/week2/oyster/spec/journey_spec.rb": [
        1,
        null,
        1,
        null,
        3,
        2,
        null,
        1,
        1,
        1,
        1,
        null,
        null,
        1,
        1,
        1,
        null,
        null,
        null,
        null
      ],
      "/Users/danielwork/Documents/GitHub/makers/week2/oyster/spec/station_spec.rb": [

      ]
    },
    "timestamp": 1522321348
  }
}
