{
  "RSpec": {
    "coverage": {
      "/Users/danielwork/Documents/GitHub/makers/week2/oyster/spec/card_spec.rb": [
        1,
        null,
        1,
        null,
        7,
        3,
        null,
        1,
        1,
        null,
        null,
        1,
        1,
        1,
        null,
        null,
        1,
        2,
        null,
        null,
        null,
        1,
        1,
        1,
        1,
        null,
        null,
        null,
        1,
        null,
        1,
        2,
        null,
        1,
        1,
        1,
        null,
        1,
        3,
        1,
        null,
        null,
        null,
        1,
        1,
        1,
        1,
        null,
        null,
        null,
        null
      ],
      "/Users/danielwork/Documents/GitHub/makers/week2/oyster/lib/app.rb": [
        1,
        1,
        1
      ],
      "/Users/danielwork/Documents/GitHub/makers/week2/oyster/lib/card.rb": [
        1,
        null,
        1,
        1,
        1,
        null,
        1,
        8,
        8,
        8,
        8,
        null,
        null,
        1,
        3,
        2,
        null,
        null,
        1,
        4,
        3,
        3,
        3,
        null,
        null,
        1,
        1,
        1,
        null,
        null,
        1,
        2,
        null,
        null,
        null,
        1,
        null,
        1,
        1,
        null,
        null,
        1,
        1,
        null,
        null,
        1,
        2,
        null,
        null,
        1,
        3,
        3,
        null,
        null,
        null
      ],
      "/Users/danielwork/Documents/GitHub/makers/week2/oyster/lib/fare.rb": [

      ],
      "/Users/danielwork/Documents/GitHub/makers/week2/oyster/lib/station.rb": [
        1,
        null,
        1,
        1,
        null,
        1,
        6,
        null,
        null,
        null
      ],
      "/Users/danielwork/Documents/GitHub/makers/week2/oyster/spec/fare_spec.rb": [

      ],
      "/Users/danielwork/Documents/GitHub/makers/week2/oyster/spec/station_spec.rb": [

      ]
    },
    "timestamp": 1522160865
  }
}
